{"D:\\coding-prep\\cracking-the-code-interview-FAANG-course\\datastructures-implementations\\queue.js": {"path":"D:\\coding-prep\\cracking-the-code-interview-FAANG-course\\datastructures-implementations\\queue.js","statementMap":{"0":{"start":{"line":1,"column":0},"end":{"line":14,"column":1}},"1":{"start":{"line":3,"column":8},"end":{"line":3,"column":23}},"2":{"start":{"line":6,"column":8},"end":{"line":6,"column":32}},"3":{"start":{"line":9,"column":8},"end":{"line":9,"column":26}},"4":{"start":{"line":12,"column":8},"end":{"line":12,"column":25}}},"fnMap":{"0":{"name":"(anonymous_0)","decl":{"start":{"line":2,"column":4},"end":{"line":2,"column":5}},"loc":{"start":{"line":2,"column":19},"end":{"line":4,"column":5}},"line":2},"1":{"name":"(anonymous_1)","decl":{"start":{"line":5,"column":4},"end":{"line":5,"column":5}},"loc":{"start":{"line":5,"column":22},"end":{"line":7,"column":5}},"line":5},"2":{"name":"(anonymous_2)","decl":{"start":{"line":8,"column":4},"end":{"line":8,"column":5}},"loc":{"start":{"line":8,"column":15},"end":{"line":10,"column":5}},"line":8},"3":{"name":"(anonymous_3)","decl":{"start":{"line":11,"column":4},"end":{"line":11,"column":5}},"loc":{"start":{"line":11,"column":11},"end":{"line":13,"column":5}},"line":11}},"branchMap":{},"s":{"0":1,"1":4,"2":5,"3":4,"4":3},"f":{"0":4,"1":5,"2":4,"3":3},"b":{},"_coverageSchema":"1a1c01bbd47fc00a2c39e90264f33305004495a9","hash":"3d501a86495a999decbfbb97bcb99409658ccaaa"}
,"D:\\coding-prep\\cracking-the-code-interview-FAANG-course\\datastructures-implementations\\stack.js": {"path":"D:\\coding-prep\\cracking-the-code-interview-FAANG-course\\datastructures-implementations\\stack.js","statementMap":{"0":{"start":{"line":1,"column":0},"end":{"line":14,"column":1}},"1":{"start":{"line":3,"column":8},"end":{"line":3,"column":23}},"2":{"start":{"line":6,"column":8},"end":{"line":6,"column":32}},"3":{"start":{"line":9,"column":8},"end":{"line":9,"column":24}},"4":{"start":{"line":12,"column":8},"end":{"line":12,"column":25}}},"fnMap":{"0":{"name":"(anonymous_0)","decl":{"start":{"line":2,"column":4},"end":{"line":2,"column":5}},"loc":{"start":{"line":2,"column":19},"end":{"line":4,"column":5}},"line":2},"1":{"name":"(anonymous_1)","decl":{"start":{"line":5,"column":4},"end":{"line":5,"column":5}},"loc":{"start":{"line":5,"column":19},"end":{"line":7,"column":5}},"line":5},"2":{"name":"(anonymous_2)","decl":{"start":{"line":8,"column":4},"end":{"line":8,"column":5}},"loc":{"start":{"line":8,"column":11},"end":{"line":10,"column":5}},"line":8},"3":{"name":"(anonymous_3)","decl":{"start":{"line":11,"column":4},"end":{"line":11,"column":5}},"loc":{"start":{"line":11,"column":11},"end":{"line":13,"column":5}},"line":11}},"branchMap":{},"s":{"0":1,"1":4,"2":5,"3":4,"4":3},"f":{"0":4,"1":5,"2":4,"3":3},"b":{},"_coverageSchema":"1a1c01bbd47fc00a2c39e90264f33305004495a9","hash":"b126e1b611ce2e54dd0c1bab37f2c8e27445930f"}
,"D:\\coding-prep\\cracking-the-code-interview-FAANG-course\\datastructures-implementations\\tree.js": {"path":"D:\\coding-prep\\cracking-the-code-interview-FAANG-course\\datastructures-implementations\\tree.js","statementMap":{"0":{"start":{"line":1,"column":0},"end":{"line":20,"column":1}},"1":{"start":{"line":3,"column":8},"end":{"line":3,"column":23}},"2":{"start":{"line":6,"column":8},"end":{"line":18,"column":9}},"3":{"start":{"line":7,"column":12},"end":{"line":12,"column":13}},"4":{"start":{"line":8,"column":16},"end":{"line":8,"column":47}},"5":{"start":{"line":11,"column":16},"end":{"line":11,"column":46}},"6":{"start":{"line":15,"column":12},"end":{"line":15,"column":31}},"7":{"start":{"line":16,"column":12},"end":{"line":16,"column":27}},"8":{"start":{"line":17,"column":12},"end":{"line":17,"column":28}}},"fnMap":{"0":{"name":"(anonymous_0)","decl":{"start":{"line":2,"column":4},"end":{"line":2,"column":5}},"loc":{"start":{"line":2,"column":18},"end":{"line":4,"column":5}},"line":2},"1":{"name":"(anonymous_1)","decl":{"start":{"line":5,"column":4},"end":{"line":5,"column":5}},"loc":{"start":{"line":5,"column":24},"end":{"line":19,"column":5}},"line":5}},"branchMap":{"0":{"loc":{"start":{"line":6,"column":8},"end":{"line":18,"column":9}},"type":"if","locations":[{"start":{"line":6,"column":8},"end":{"line":18,"column":9}},{"start":{"line":14,"column":13},"end":{"line":18,"column":9}}],"line":6},"1":{"loc":{"start":{"line":7,"column":12},"end":{"line":12,"column":13}},"type":"if","locations":[{"start":{"line":7,"column":12},"end":{"line":12,"column":13}},{"start":{"line":10,"column":17},"end":{"line":12,"column":13}}],"line":7}},"s":{"0":1,"1":1,"2":5,"3":2,"4":1,"5":1,"6":3,"7":3,"8":3},"f":{"0":1,"1":5},"b":{"0":[2,3],"1":[1,1]},"_coverageSchema":"1a1c01bbd47fc00a2c39e90264f33305004495a9","hash":"b5da0126ed4be8d17cb3a70d8d35925bd0fe4da3"}
}
