TN:
SF:datastructures-implementations\queue.js
FN:2,(anonymous_0)
FN:5,(anonymous_1)
FN:8,(anonymous_2)
FN:11,(anonymous_3)
FNF:4
FNH:4
FNDA:4,(anonymous_0)
FNDA:5,(anonymous_1)
FNDA:4,(anonymous_2)
FNDA:3,(anonymous_3)
DA:1,1
DA:3,4
DA:6,5
DA:9,4
DA:12,3
LF:5
LH:5
BRF:0
BRH:0
end_of_record
TN:
SF:datastructures-implementations\stack.js
FN:2,(anonymous_0)
FN:5,(anonymous_1)
FN:8,(anonymous_2)
FN:11,(anonymous_3)
FNF:4
FNH:4
FNDA:4,(anonymous_0)
FNDA:5,(anonymous_1)
FNDA:4,(anonymous_2)
FNDA:3,(anonymous_3)
DA:1,1
DA:3,4
DA:6,5
DA:9,4
DA:12,3
LF:5
LH:5
BRF:0
BRH:0
end_of_record
TN:
SF:datastructures-implementations\tree.js
FN:2,(anonymous_0)
FN:5,(anonymous_1)
FNF:2
FNH:2
FNDA:1,(anonymous_0)
FNDA:5,(anonymous_1)
DA:1,1
DA:3,1
DA:6,5
DA:7,2
DA:8,1
DA:11,1
DA:15,3
DA:16,3
DA:17,3
LF:9
LH:9
BRDA:6,0,0,2
BRDA:6,0,1,3
BRDA:7,1,0,1
BRDA:7,1,1,1
BRF:4
BRH:4
end_of_record
